[debug] [2026-03-06T06:17:49.646Z] ----------------------------------------------------------------------
[debug] [2026-03-06T06:17:49.648Z] Command:       C:\Program Files\nodejs\node.exe C:\Users\ADMIN\AppData\Roaming\npm\node_modules\firebase-tools\lib\bin\firebase.js deploy --only firestore:rules --project telemedicine-61cf2
[debug] [2026-03-06T06:17:49.649Z] CLI Version:   15.2.0
[debug] [2026-03-06T06:17:49.649Z] Platform:      win32
[debug] [2026-03-06T06:17:49.649Z] Node Version:  v22.14.0
[debug] [2026-03-06T06:17:49.649Z] Time:          Fri Mar 06 2026 13:17:49 GMT+0700 (Indochina Time)
[debug] [2026-03-06T06:17:49.649Z] ----------------------------------------------------------------------
[debug] 
[debug] [2026-03-06T06:17:49.651Z] >>> [apiv2][query] GET https://firebase-public.firebaseio.com/cli.json [none]
[debug] [2026-03-06T06:17:52.250Z] Object "" in "firebase.json" has unknown property: {"additionalProperty":"project"}
[debug] [2026-03-06T06:17:52.255Z] > command requires scopes: ["email","openid","https://www.googleapis.com/auth/cloudplatformprojects.readonly","https://www.googleapis.com/auth/firebase","https://www.googleapis.com/auth/cloud-platform"]
[debug] [2026-03-06T06:17:52.267Z] Error: Could not load the default credentials. Browse to https://cloud.google.com/docs/authentication/getting-started for more information.
    at GoogleAuth.getApplicationDefaultAsync (C:\Users\ADMIN\AppData\Roaming\npm\node_modules\firebase-tools\node_modules\google-auth-library\build\src\auth\googleauth.js:287:15)
    at process.processTicksAndRejections (node:internal/process/task_queues:105:5)
    at async GoogleAuth._GoogleAuth_determineClient (C:\Users\ADMIN\AppData\Roaming\npm\node_modules\firebase-tools\node_modules\google-auth-library\build\src\auth\googleauth.js:834:32)
    at async GoogleAuth.getClient (C:\Users\ADMIN\AppData\Roaming\npm\node_modules\firebase-tools\node_modules\google-auth-library\build\src\auth\googleauth.js:698:20)
    at async GoogleAuth.getAccessToken (C:\Users\ADMIN\AppData\Roaming\npm\node_modules\firebase-tools\node_modules\google-auth-library\build\src\auth\googleauth.js:722:24)
    at async autoAuth (C:\Users\ADMIN\AppData\Roaming\npm\node_modules\firebase-tools\lib\requireAuth.js:28:19)
    at async requireAuth (C:\Users\ADMIN\AppData\Roaming\npm\node_modules\firebase-tools\lib\requireAuth.js:90:20)
    at async requirePermissions (C:\Users\ADMIN\AppData\Roaming\npm\node_modules\firebase-tools\lib\requirePermissions.js:17:5)
    at async C:\Users\ADMIN\AppData\Roaming\npm\node_modules\firebase-tools\lib\command.js:261:17
[error] 
[error] Error: Failed to authenticate, have you run firebase login?
[debug] [2026-03-06T06:17:52.271Z] *** [apiv2] error from fetch(https://firebase-public.firebaseio.com/cli.json, {"headers":{},"method":"GET"}): FetchError: request to https://firebase-public.firebaseio.com/cli.json failed, reason: 
[warn] !  Unable to fetch the CLI MOTD and remote config. This is not a fatal error, but may indicate an issue with your network connection. 
[debug] [2026-03-06T06:17:52.271Z] Failed to fetch MOTD FirebaseError: Failed to make request to https://firebase-public.firebaseio.com/cli.json
[debug] [2026-03-06T06:18:58.616Z] ----------------------------------------------------------------------
[debug] [2026-03-06T06:18:58.619Z] Command:       C:\Program Files\nodejs\node.exe C:\Users\ADMIN\AppData\Roaming\npm\node_modules\firebase-tools\lib\bin\firebase.js deploy --only firestore:rules --project telemedicine-61cf2
[debug] [2026-03-06T06:18:58.619Z] CLI Version:   15.2.0
[debug] [2026-03-06T06:18:58.620Z] Platform:      win32
[debug] [2026-03-06T06:18:58.620Z] Node Version:  v22.14.0
[debug] [2026-03-06T06:18:58.620Z] Time:          Fri Mar 06 2026 13:18:58 GMT+0700 (Indochina Time)
[debug] [2026-03-06T06:18:58.620Z] ----------------------------------------------------------------------
[debug] 
[debug] [2026-03-06T06:18:58.622Z] >>> [apiv2][query] GET https://firebase-public.firebaseio.com/cli.json [none]
[debug] [2026-03-06T06:19:00.082Z] Object "" in "firebase.json" has unknown property: {"additionalProperty":"project"}
[debug] [2026-03-06T06:19:00.087Z] > command requires scopes: ["email","openid","https://www.googleapis.com/auth/cloudplatformprojects.readonly","https://www.googleapis.com/auth/firebase","https://www.googleapis.com/auth/cloud-platform"]
[debug] [2026-03-06T06:19:00.088Z] > authorizing via signed-in user (hakchhaiheang0@gmail.com)
[debug] [2026-03-06T06:19:00.088Z] [iam] checking project telemedicine-61cf2 for permissions ["datastore.indexes.create","datastore.indexes.delete","datastore.indexes.list","datastore.indexes.update","firebase.projects.get"]
[debug] [2026-03-06T06:19:00.090Z] Checked if tokens are valid: false, expires at: 1769653992465
[debug] [2026-03-06T06:19:00.090Z] Checked if tokens are valid: false, expires at: 1769653992465
[debug] [2026-03-06T06:19:00.090Z] > refreshing access token with scopes: []
[debug] [2026-03-06T06:19:00.092Z] >>> [apiv2][query] POST https://www.googleapis.com/oauth2/v3/token [none]
[debug] [2026-03-06T06:19:00.092Z] >>> [apiv2][body] POST https://www.googleapis.com/oauth2/v3/token [omitted]
[debug] [2026-03-06T06:19:00.328Z] <<< [apiv2][status] POST https://www.googleapis.com/oauth2/v3/token 200
[debug] [2026-03-06T06:19:00.328Z] <<< [apiv2][body] POST https://www.googleapis.com/oauth2/v3/token [omitted]
[debug] [2026-03-06T06:19:00.339Z] >>> [apiv2][query] POST https://cloudresourcemanager.googleapis.com/v1/projects/telemedicine-61cf2:testIamPermissions [none]
[debug] [2026-03-06T06:19:00.339Z] >>> [apiv2][(partial)header] POST https://cloudresourcemanager.googleapis.com/v1/projects/telemedicine-61cf2:testIamPermissions x-goog-quota-user=projects/telemedicine-61cf2
[debug] [2026-03-06T06:19:00.339Z] >>> [apiv2][body] POST https://cloudresourcemanager.googleapis.com/v1/projects/telemedicine-61cf2:testIamPermissions {"permissions":["datastore.indexes.create","datastore.indexes.delete","datastore.indexes.list","datastore.indexes.update","firebase.projects.get"]}
[debug] [2026-03-06T06:19:00.599Z] <<< [apiv2][status] GET https://firebase-public.firebaseio.com/cli.json 200
[debug] [2026-03-06T06:19:00.599Z] <<< [apiv2][body] GET https://firebase-public.firebaseio.com/cli.json {"cloudBuildErrorAfter":1594252800000,"cloudBuildWarnAfter":1590019200000,"defaultNode10After":1594252800000,"minVersion":"3.0.5","node8DeploysDisabledAfter":1613390400000,"node8RuntimeDisabledAfter":1615809600000,"node8WarnAfter":1600128000000}
[debug] [2026-03-06T06:19:01.376Z] <<< [apiv2][status] POST https://cloudresourcemanager.googleapis.com/v1/projects/telemedicine-61cf2:testIamPermissions 200
[debug] [2026-03-06T06:19:01.376Z] <<< [apiv2][body] POST https://cloudresourcemanager.googleapis.com/v1/projects/telemedicine-61cf2:testIamPermissions {"permissions":["datastore.indexes.create","datastore.indexes.delete","datastore.indexes.list","datastore.indexes.update","firebase.projects.get"]}
[info] 
[info] === Deploying to 'telemedicine-61cf2'...
[info] 
[info] i  deploying firestore 
[info] i  firestore: ensuring required API firestore.googleapis.com is enabled... 
[info] i  firestore: ensuring required API firestore.googleapis.com is enabled... 
[debug] [2026-03-06T06:19:01.379Z] Checked if tokens are valid: true, expires at: 1772781539329
[debug] [2026-03-06T06:19:01.380Z] Checked if tokens are valid: true, expires at: 1772781539329
[debug] [2026-03-06T06:19:01.380Z] >>> [apiv2][query] GET https://firestore.googleapis.com/v1/projects/telemedicine-61cf2/databases/(default) [none]
[debug] [2026-03-06T06:19:02.744Z] <<< [apiv2][status] GET https://firestore.googleapis.com/v1/projects/telemedicine-61cf2/databases/(default) 200
[debug] [2026-03-06T06:19:02.744Z] <<< [apiv2][body] GET https://firestore.googleapis.com/v1/projects/telemedicine-61cf2/databases/(default) {"name":"projects/telemedicine-61cf2/databases/(default)","uid":"8af3faca-c76d-4fdd-a1c5-506556722a23","createTime":"2026-01-24T01:58:45.522937Z","updateTime":"2026-01-24T01:58:45.522937Z","locationId":"nam5","type":"FIRESTORE_NATIVE","concurrencyMode":"PESSIMISTIC","versionRetentionPeriod":"3600s","earliestVersionTime":"2026-03-06T05:19:01.745139Z","appEngineIntegrationMode":"DISABLED","keyPrefix":"s","pointInTimeRecoveryEnablement":"POINT_IN_TIME_RECOVERY_DISABLED","deleteProtectionState":"DELETE_PROTECTION_DISABLED","databaseEdition":"STANDARD","freeTier":true,"realtimeUpdatesMode":"REALTIME_UPDATES_MODE_ENABLED","etag":"ILb07rvQipMDMILS4bGn5pID"}
[info] i  cloud.firestore: checking firestore.rules for compilation errors... 
[debug] [2026-03-06T06:19:02.745Z] Checked if tokens are valid: true, expires at: 1772781539329
[debug] [2026-03-06T06:19:02.745Z] Checked if tokens are valid: true, expires at: 1772781539329
[debug] [2026-03-06T06:19:02.745Z] >>> [apiv2][query] POST https://firebaserules.googleapis.com/v1/projects/telemedicine-61cf2:test [none]
[debug] [2026-03-06T06:19:02.745Z] >>> [apiv2][body] POST https://firebaserules.googleapis.com/v1/projects/telemedicine-61cf2:test [omitted]
[debug] [2026-03-06T06:19:03.280Z] <<< [apiv2][status] POST https://firebaserules.googleapis.com/v1/projects/telemedicine-61cf2:test 200
[debug] [2026-03-06T06:19:03.280Z] <<< [apiv2][body] POST https://firebaserules.googleapis.com/v1/projects/telemedicine-61cf2:test {"issues":[{"sourcePosition":{"fileName":"firestore.rules","line":14,"column":14,"currentOffset":328,"endOffset":335},"description":"Unused function: isDoctor.","severity":"WARNING"},{"sourcePosition":{"fileName":"firestore.rules","line":16,"column":9,"currentOffset":378,"endOffset":380},"description":"Invalid function name: get.","severity":"WARNING"},{"sourcePosition":{"fileName":"firestore.rules","line":16,"column":54,"currentOffset":423,"endOffset":429},"description":"Invalid variable name: request.","severity":"WARNING"},{"sourcePosition":{"fileName":"firestore.rules","line":19,"column":14,"currentOffset":485,"endOffset":493},"description":"Unused function: isPatient.","severity":"WARNING"},{"sourcePosition":{"fileName":"firestore.rules","line":21,"column":9,"currentOffset":536,"endOffset":538},"description":"Invalid function name: get.","severity":"WARNING"},{"sourcePosition":{"fileName":"firestore.rules","line":21,"column":54,"currentOffset":581,"endOffset":587},"description":"Invalid variable name: request.","severity":"WARNING"}]}
[warn] !  [W] 14:14 - Unused function: isDoctor. 
[warn] !  [W] 16:9 - Invalid function name: get. 
[warn] !  [W] 16:54 - Invalid variable name: request. 
[warn] !  [W] 19:14 - Unused function: isPatient. 
[warn] !  [W] 21:9 - Invalid function name: get. 
[warn] !  [W] 21:54 - Invalid variable name: request. 
[info] +  cloud.firestore: rules file firestore.rules compiled successfully 
[debug] [2026-03-06T06:19:03.283Z] Checked if tokens are valid: true, expires at: 1772781539329
[debug] [2026-03-06T06:19:03.283Z] Checked if tokens are valid: true, expires at: 1772781539329
[debug] [2026-03-06T06:19:03.283Z] >>> [apiv2][query] GET https://firebaserules.googleapis.com/v1/projects/telemedicine-61cf2/releases pageSize=10&pageToken=
[debug] [2026-03-06T06:19:04.312Z] <<< [apiv2][status] GET https://firebaserules.googleapis.com/v1/projects/telemedicine-61cf2/releases 200
[debug] [2026-03-06T06:19:04.312Z] <<< [apiv2][body] GET https://firebaserules.googleapis.com/v1/projects/telemedicine-61cf2/releases {"releases":[{"name":"projects/telemedicine-61cf2/releases/cloud.firestore","rulesetName":"projects/telemedicine-61cf2/rulesets/3f3ff509-078e-4f36-bab0-35183b188aa9","createTime":"2026-01-24T01:58:50.886034Z","updateTime":"2026-01-29T01:42:51.780167Z"}]}
[debug] [2026-03-06T06:19:04.312Z] Checked if tokens are valid: true, expires at: 1772781539329
[debug] [2026-03-06T06:19:04.312Z] Checked if tokens are valid: true, expires at: 1772781539329
[debug] [2026-03-06T06:19:04.313Z] >>> [apiv2][query] GET https://firebaserules.googleapis.com/v1/projects/telemedicine-61cf2/rulesets/3f3ff509-078e-4f36-bab0-35183b188aa9 [none]
[debug] [2026-03-06T06:19:05.311Z] <<< [apiv2][status] GET https://firebaserules.googleapis.com/v1/projects/telemedicine-61cf2/rulesets/3f3ff509-078e-4f36-bab0-35183b188aa9 200
[debug] [2026-03-06T06:19:05.311Z] <<< [apiv2][body] GET https://firebaserules.googleapis.com/v1/projects/telemedicine-61cf2/rulesets/3f3ff509-078e-4f36-bab0-35183b188aa9 [omitted]
[info] i  firestore: uploading rules firestore.rules... 
[debug] [2026-03-06T06:19:05.313Z] Checked if tokens are valid: true, expires at: 1772781539329
[debug] [2026-03-06T06:19:05.313Z] Checked if tokens are valid: true, expires at: 1772781539329
[debug] [2026-03-06T06:19:05.313Z] >>> [apiv2][query] POST https://firebaserules.googleapis.com/v1/projects/telemedicine-61cf2/rulesets [none]
[debug] [2026-03-06T06:19:05.313Z] >>> [apiv2][body] POST https://firebaserules.googleapis.com/v1/projects/telemedicine-61cf2/rulesets [omitted]
[debug] [2026-03-06T06:19:06.482Z] <<< [apiv2][status] POST https://firebaserules.googleapis.com/v1/projects/telemedicine-61cf2/rulesets 200
[debug] [2026-03-06T06:19:06.482Z] <<< [apiv2][body] POST https://firebaserules.googleapis.com/v1/projects/telemedicine-61cf2/rulesets {"name":"projects/telemedicine-61cf2/rulesets/bb814ee1-92f1-4b89-b41d-e325ba9a7e92","source":{"files":[{"content":"rules_version = '2';\nservice cloud.firestore {\n  match /databases/{database}/documents {\n\n    function isSignedIn() {\n      return request.auth != null;\n    }\n\n    function isAdmin() {\n      return isSignedIn() &&\n        get(/databases/$(database)/documents/users/$(request.auth.uid)).data.role == \"admin\";\n    }\n\n    function isDoctor() {\n      return isSignedIn() &&\n        get(/databases/$(database)/documents/users/$(request.auth.uid)).data.role == \"doctor\";\n    }\n\n    function isPatient() {\n      return isSignedIn() &&\n        get(/databases/$(database)/documents/users/$(request.auth.uid)).data.role == \"patient\";\n    }\n\n    function isConversationParticipant(conversationId) {\n      return isSignedIn() &&\n        request.auth.uid in get(/databases/$(database)/documents/conversations/$(conversationId)).data.participants;\n    }\n\n    match /users/{userId} {\n      allow read: if isSignedIn();\n      allow create: if isSignedIn() && request.auth.uid == userId;\n      allow update, delete: if isSignedIn() && (request.auth.uid == userId || isAdmin());\n\n      match /appointments/{appointmentRefId} {\n        allow read, write: if isSignedIn();\n      }\n\n      match /medical_records/{recordId} {\n        allow read, write: if isSignedIn() && (request.auth.uid == userId || isAdmin());\n      }\n    }\n\n    match /appointments/{appointmentId} {\n      allow read: if isSignedIn();\n      allow create: if isSignedIn() && (\n        request.auth.uid == request.resource.data.patientId ||\n        request.auth.uid == request.resource.data.doctorId ||\n        isAdmin()\n      );\n      allow update: if isSignedIn() && (\n        request.auth.uid == resource.data.patientId ||\n        request.auth.uid == resource.data.doctorId ||\n        isAdmin()\n      );\n      allow delete: if isSignedIn() && (request.auth.uid == resource.data.patientId || isAdmin());\n    }\n\n    match /prescriptions/{prescriptionId} {\n      allow read: if isSignedIn() && (\n        request.auth.uid == resource.data.doctorId ||\n        request.auth.uid == resource.data.patientId ||\n        request.auth.uid in resource.data.patientIds ||\n        isAdmin()\n      );\n\n      allow create: if isSignedIn() && (\n        request.auth.uid == request.resource.data.doctorId ||\n        isAdmin()\n      );\n\n      allow update: if isSignedIn() && (\n        request.auth.uid == resource.data.doctorId ||\n        (request.auth.uid == resource.data.patientId &&\n          request.resource.data.doctorId == resource.data.doctorId &&\n          request.resource.data.patientId == resource.data.patientId &&\n          request.resource.data.patientIds == resource.data.patientIds) ||\n        isAdmin()\n      );\n\n      allow delete: if isSignedIn() && (\n        request.auth.uid == resource.data.doctorId ||\n        isAdmin()\n      );\n    }\n\n    match /conversations/{conversationId} {\n      allow read: if isSignedIn() && request.auth.uid in resource.data.participants;\n\n      allow create: if isSignedIn() &&\n        request.auth.uid in request.resource.data.participants;\n\n      allow update: if isSignedIn() &&\n        request.auth.uid in resource.data.participants &&\n        request.resource.data.participants == resource.data.participants;\n\n      allow delete: if isAdmin();\n\n      match /messages/{messageId} {\n        allow read: if isConversationParticipant(conversationId);\n\n        allow create: if isConversationParticipant(conversationId) &&\n          request.auth.uid == request.resource.data.senderId &&\n          request.resource.data.receiverId in get(/databases/$(database)/documents/conversations/$(conversationId)).data.participants;\n\n        allow update: if isConversationParticipant(conversationId) &&\n          request.auth.uid == resource.data.receiverId;\n\n        allow delete: if isAdmin();\n      }\n    }\n\n    match /medical_records/{recordId} {\n      allow read, write: if isSignedIn();\n    }\n\n    match /symptom_forms/{formId} {\n      allow read, write: if isSignedIn();\n    }\n\n    match /pharmacies/{pharmacyId} {\n      allow read: if isSignedIn();\n      allow write: if isAdmin();\n    }\n\n    match /{document=**} {\n      allow read, write: if false;\n    }\n  }\n}\n","name":"firestore.rules"}]},"createTime":"2026-03-06T06:19:05.384111Z","metadata":{"services":["cloud.firestore"]}}
[debug] [2026-03-06T06:19:06.482Z] [rules] created ruleset projects/telemedicine-61cf2/rulesets/bb814ee1-92f1-4b89-b41d-e325ba9a7e92
[debug] [2026-03-06T06:19:06.482Z] [rules] releasing cloud.firestore/(default) with ruleset projects/telemedicine-61cf2/rulesets/bb814ee1-92f1-4b89-b41d-e325ba9a7e92
[debug] [2026-03-06T06:19:06.483Z] Checked if tokens are valid: true, expires at: 1772781539329
[debug] [2026-03-06T06:19:06.483Z] Checked if tokens are valid: true, expires at: 1772781539329
[debug] [2026-03-06T06:19:06.483Z] >>> [apiv2][query] PATCH https://firebaserules.googleapis.com/v1/projects/telemedicine-61cf2/releases/cloud.firestore/(default) [none]
[debug] [2026-03-06T06:19:06.483Z] >>> [apiv2][body] PATCH https://firebaserules.googleapis.com/v1/projects/telemedicine-61cf2/releases/cloud.firestore/(default) {"release":{"name":"projects/telemedicine-61cf2/releases/cloud.firestore/(default)","rulesetName":"projects/telemedicine-61cf2/rulesets/bb814ee1-92f1-4b89-b41d-e325ba9a7e92"}}
[debug] [2026-03-06T06:19:07.553Z] <<< [apiv2][status] PATCH https://firebaserules.googleapis.com/v1/projects/telemedicine-61cf2/releases/cloud.firestore/(default) 200
[debug] [2026-03-06T06:19:07.553Z] <<< [apiv2][body] PATCH https://firebaserules.googleapis.com/v1/projects/telemedicine-61cf2/releases/cloud.firestore/(default) {"name":"projects/telemedicine-61cf2/releases/cloud.firestore","rulesetName":"projects/telemedicine-61cf2/rulesets/bb814ee1-92f1-4b89-b41d-e325ba9a7e92","createTime":"2026-01-24T01:58:50.886034Z","updateTime":"2026-03-06T06:19:06.550137Z"}
[debug] [2026-03-06T06:19:07.554Z] [rules] updated release projects/telemedicine-61cf2/releases/cloud.firestore
[info] +  firestore: released rules firestore.rules to cloud.firestore 
[info] 
[info] +  Deploy complete! 
[info] 
[info] Project Console: https://console.firebase.google.com/project/telemedicine-61cf2/overview
[debug] [2026-03-06T07:56:48.191Z] ----------------------------------------------------------------------
[debug] [2026-03-06T07:56:48.197Z] Command:       C:\Program Files\nodejs\node.exe C:\Users\ADMIN\AppData\Roaming\npm\node_modules\firebase-tools\lib\bin\firebase.js deploy --only firestore:rules --project telemedicine-61cf2
[debug] [2026-03-06T07:56:48.197Z] CLI Version:   15.2.0
[debug] [2026-03-06T07:56:48.197Z] Platform:      win32
[debug] [2026-03-06T07:56:48.197Z] Node Version:  v22.14.0
[debug] [2026-03-06T07:56:48.198Z] Time:          Fri Mar 06 2026 14:56:48 GMT+0700 (Indochina Time)
[debug] [2026-03-06T07:56:48.198Z] ----------------------------------------------------------------------
[debug] 
[debug] [2026-03-06T07:56:50.906Z] Object "" in "firebase.json" has unknown property: {"additionalProperty":"project"}
[debug] [2026-03-06T07:56:50.910Z] > command requires scopes: ["email","openid","https://www.googleapis.com/auth/cloudplatformprojects.readonly","https://www.googleapis.com/auth/firebase","https://www.googleapis.com/auth/cloud-platform"]
[debug] [2026-03-06T07:56:50.911Z] > authorizing via signed-in user (hakchhaiheang0@gmail.com)
[debug] [2026-03-06T07:56:50.911Z] [iam] checking project telemedicine-61cf2 for permissions ["datastore.indexes.create","datastore.indexes.delete","datastore.indexes.list","datastore.indexes.update","firebase.projects.get"]
[debug] [2026-03-06T07:56:50.912Z] Checked if tokens are valid: false, expires at: 1772781539329
[debug] [2026-03-06T07:56:50.913Z] Checked if tokens are valid: false, expires at: 1772781539329
[debug] [2026-03-06T07:56:50.913Z] > refreshing access token with scopes: []
[debug] [2026-03-06T07:56:50.916Z] >>> [apiv2][query] POST https://www.googleapis.com/oauth2/v3/token [none]
[debug] [2026-03-06T07:56:50.916Z] >>> [apiv2][body] POST https://www.googleapis.com/oauth2/v3/token [omitted]
[debug] [2026-03-06T07:56:51.231Z] <<< [apiv2][status] POST https://www.googleapis.com/oauth2/v3/token 200
[debug] [2026-03-06T07:56:51.231Z] <<< [apiv2][body] POST https://www.googleapis.com/oauth2/v3/token [omitted]
[debug] [2026-03-06T07:56:51.237Z] >>> [apiv2][query] POST https://cloudresourcemanager.googleapis.com/v1/projects/telemedicine-61cf2:testIamPermissions [none]
[debug] [2026-03-06T07:56:51.237Z] >>> [apiv2][(partial)header] POST https://cloudresourcemanager.googleapis.com/v1/projects/telemedicine-61cf2:testIamPermissions x-goog-quota-user=projects/telemedicine-61cf2
[debug] [2026-03-06T07:56:51.238Z] >>> [apiv2][body] POST https://cloudresourcemanager.googleapis.com/v1/projects/telemedicine-61cf2:testIamPermissions {"permissions":["datastore.indexes.create","datastore.indexes.delete","datastore.indexes.list","datastore.indexes.update","firebase.projects.get"]}
[debug] [2026-03-06T07:56:52.295Z] <<< [apiv2][status] POST https://cloudresourcemanager.googleapis.com/v1/projects/telemedicine-61cf2:testIamPermissions 200
[debug] [2026-03-06T07:56:52.295Z] <<< [apiv2][body] POST https://cloudresourcemanager.googleapis.com/v1/projects/telemedicine-61cf2:testIamPermissions {"permissions":["datastore.indexes.create","datastore.indexes.delete","datastore.indexes.list","datastore.indexes.update","firebase.projects.get"]}
[info] 
[info] === Deploying to 'telemedicine-61cf2'...
[info] 
[info] i  deploying firestore 
[info] i  firestore: ensuring required API firestore.googleapis.com is enabled... 
[info] i  firestore: ensuring required API firestore.googleapis.com is enabled... 
[debug] [2026-03-06T07:56:52.299Z] Checked if tokens are valid: true, expires at: 1772787410231
[debug] [2026-03-06T07:56:52.299Z] Checked if tokens are valid: true, expires at: 1772787410231
[debug] [2026-03-06T07:56:52.300Z] >>> [apiv2][query] GET https://firestore.googleapis.com/v1/projects/telemedicine-61cf2/databases/(default) [none]
[debug] [2026-03-06T07:56:53.533Z] <<< [apiv2][status] GET https://firestore.googleapis.com/v1/projects/telemedicine-61cf2/databases/(default) 200
[debug] [2026-03-06T07:56:53.534Z] <<< [apiv2][body] GET https://firestore.googleapis.com/v1/projects/telemedicine-61cf2/databases/(default) {"name":"projects/telemedicine-61cf2/databases/(default)","uid":"8af3faca-c76d-4fdd-a1c5-506556722a23","createTime":"2026-01-24T01:58:45.522937Z","updateTime":"2026-01-24T01:58:45.522937Z","locationId":"nam5","type":"FIRESTORE_NATIVE","concurrencyMode":"PESSIMISTIC","versionRetentionPeriod":"3600s","earliestVersionTime":"2026-03-06T06:56:53.478923Z","appEngineIntegrationMode":"DISABLED","keyPrefix":"s","pointInTimeRecoveryEnablement":"POINT_IN_TIME_RECOVERY_DISABLED","deleteProtectionState":"DELETE_PROTECTION_DISABLED","databaseEdition":"STANDARD","freeTier":true,"realtimeUpdatesMode":"REALTIME_UPDATES_MODE_ENABLED","etag":"IKWO3avmipMDMILS4bGn5pID"}
[info] i  cloud.firestore: checking firestore.rules for compilation errors... 
[debug] [2026-03-06T07:56:53.535Z] Checked if tokens are valid: true, expires at: 1772787410231
[debug] [2026-03-06T07:56:53.535Z] Checked if tokens are valid: true, expires at: 1772787410231
[debug] [2026-03-06T07:56:53.535Z] >>> [apiv2][query] POST https://firebaserules.googleapis.com/v1/projects/telemedicine-61cf2:test [none]
[debug] [2026-03-06T07:56:53.535Z] >>> [apiv2][body] POST https://firebaserules.googleapis.com/v1/projects/telemedicine-61cf2:test [omitted]
[debug] [2026-03-06T07:56:54.769Z] <<< [apiv2][status] POST https://firebaserules.googleapis.com/v1/projects/telemedicine-61cf2:test 200
[debug] [2026-03-06T07:56:54.769Z] <<< [apiv2][body] POST https://firebaserules.googleapis.com/v1/projects/telemedicine-61cf2:test {"issues":[{"sourcePosition":{"fileName":"firestore.rules","line":14,"column":14,"currentOffset":328,"endOffset":335},"description":"Unused function: isDoctor.","severity":"WARNING"},{"sourcePosition":{"fileName":"firestore.rules","line":16,"column":9,"currentOffset":378,"endOffset":380},"description":"Invalid function name: get.","severity":"WARNING"},{"sourcePosition":{"fileName":"firestore.rules","line":16,"column":54,"currentOffset":423,"endOffset":429},"description":"Invalid variable name: request.","severity":"WARNING"},{"sourcePosition":{"fileName":"firestore.rules","line":19,"column":14,"currentOffset":485,"endOffset":493},"description":"Unused function: isPatient.","severity":"WARNING"},{"sourcePosition":{"fileName":"firestore.rules","line":21,"column":9,"currentOffset":536,"endOffset":538},"description":"Invalid function name: get.","severity":"WARNING"},{"sourcePosition":{"fileName":"firestore.rules","line":21,"column":54,"currentOffset":581,"endOffset":587},"description":"Invalid variable name: request.","severity":"WARNING"}]}
[warn] !  [W] 14:14 - Unused function: isDoctor. 
[warn] !  [W] 16:9 - Invalid function name: get. 
[warn] !  [W] 16:54 - Invalid variable name: request. 
[warn] !  [W] 19:14 - Unused function: isPatient. 
[warn] !  [W] 21:9 - Invalid function name: get. 
[warn] !  [W] 21:54 - Invalid variable name: request. 
[info] +  cloud.firestore: rules file firestore.rules compiled successfully 
[debug] [2026-03-06T07:56:54.770Z] Checked if tokens are valid: true, expires at: 1772787410231
[debug] [2026-03-06T07:56:54.771Z] Checked if tokens are valid: true, expires at: 1772787410231
[debug] [2026-03-06T07:56:54.771Z] >>> [apiv2][query] GET https://firebaserules.googleapis.com/v1/projects/telemedicine-61cf2/releases pageSize=10&pageToken=
[debug] [2026-03-06T07:56:55.078Z] <<< [apiv2][status] GET https://firebaserules.googleapis.com/v1/projects/telemedicine-61cf2/releases 200
[debug] [2026-03-06T07:56:55.078Z] <<< [apiv2][body] GET https://firebaserules.googleapis.com/v1/projects/telemedicine-61cf2/releases {"releases":[{"name":"projects/telemedicine-61cf2/releases/cloud.firestore","rulesetName":"projects/telemedicine-61cf2/rulesets/bb814ee1-92f1-4b89-b41d-e325ba9a7e92","createTime":"2026-01-24T01:58:50.886034Z","updateTime":"2026-03-06T06:19:06.550137Z"}]}
[debug] [2026-03-06T07:56:55.078Z] Checked if tokens are valid: true, expires at: 1772787410231
[debug] [2026-03-06T07:56:55.078Z] Checked if tokens are valid: true, expires at: 1772787410231
[debug] [2026-03-06T07:56:55.079Z] >>> [apiv2][query] GET https://firebaserules.googleapis.com/v1/projects/telemedicine-61cf2/rulesets/bb814ee1-92f1-4b89-b41d-e325ba9a7e92 [none]
[debug] [2026-03-06T07:56:56.087Z] <<< [apiv2][status] GET https://firebaserules.googleapis.com/v1/projects/telemedicine-61cf2/rulesets/bb814ee1-92f1-4b89-b41d-e325ba9a7e92 200
[debug] [2026-03-06T07:56:56.087Z] <<< [apiv2][body] GET https://firebaserules.googleapis.com/v1/projects/telemedicine-61cf2/rulesets/bb814ee1-92f1-4b89-b41d-e325ba9a7e92 [omitted]
[info] i  firestore: uploading rules firestore.rules... 
[debug] [2026-03-06T07:56:56.088Z] Checked if tokens are valid: true, expires at: 1772787410231
[debug] [2026-03-06T07:56:56.088Z] Checked if tokens are valid: true, expires at: 1772787410231
[debug] [2026-03-06T07:56:56.088Z] >>> [apiv2][query] POST https://firebaserules.googleapis.com/v1/projects/telemedicine-61cf2/rulesets [none]
[debug] [2026-03-06T07:56:56.088Z] >>> [apiv2][body] POST https://firebaserules.googleapis.com/v1/projects/telemedicine-61cf2/rulesets [omitted]
[debug] [2026-03-06T07:56:57.179Z] <<< [apiv2][status] POST https://firebaserules.googleapis.com/v1/projects/telemedicine-61cf2/rulesets 200
[debug] [2026-03-06T07:56:57.179Z] <<< [apiv2][body] POST https://firebaserules.googleapis.com/v1/projects/telemedicine-61cf2/rulesets {"name":"projects/telemedicine-61cf2/rulesets/a968cbff-8f90-48f3-9ef7-7245ca0c0ccb","source":{"files":[{"content":"rules_version = '2';\nservice cloud.firestore {\n  match /databases/{database}/documents {\n\n    function isSignedIn() {\n      return request.auth != null;\n    }\n\n    function isAdmin() {\n      return isSignedIn() &&\n        get(/databases/$(database)/documents/users/$(request.auth.uid)).data.role == \"admin\";\n    }\n\n    function isDoctor() {\n      return isSignedIn() &&\n        get(/databases/$(database)/documents/users/$(request.auth.uid)).data.role == \"doctor\";\n    }\n\n    function isPatient() {\n      return isSignedIn() &&\n        get(/databases/$(database)/documents/users/$(request.auth.uid)).data.role == \"patient\";\n    }\n\n    function isConversationParticipant(conversationId) {\n      return isSignedIn() &&\n        request.auth.uid in get(/databases/$(database)/documents/conversations/$(conversationId)).data.participants;\n    }\n\n    match /users/{userId} {\n      allow read: if isSignedIn();\n      allow create: if isSignedIn() && request.auth.uid == userId;\n      allow update, delete: if isSignedIn() && (request.auth.uid == userId || isAdmin());\n\n      match /appointments/{appointmentRefId} {\n        allow read, write: if isSignedIn();\n      }\n\n      match /medical_records/{recordId} {\n        allow read, write: if isSignedIn() && (request.auth.uid == userId || isAdmin());\n      }\n    }\n\n    match /appointments/{appointmentId} {\n      allow read: if isSignedIn();\n      allow create: if isSignedIn() && (\n        request.auth.uid == request.resource.data.patientId ||\n        request.auth.uid == request.resource.data.doctorId ||\n        isAdmin()\n      );\n      allow update: if isSignedIn() && (\n        request.auth.uid == resource.data.patientId ||\n        request.auth.uid == resource.data.doctorId ||\n        isAdmin()\n      );\n      allow delete: if isSignedIn() && (request.auth.uid == resource.data.patientId || isAdmin());\n    }\n\n    match /prescriptions/{prescriptionId} {\n      allow read: if isSignedIn() && (\n        request.auth.uid == resource.data.doctorId ||\n        request.auth.uid == resource.data.patientId ||\n        request.auth.uid in resource.data.patientIds ||\n        isAdmin()\n      );\n\n      allow create: if isSignedIn() && (\n        request.auth.uid == request.resource.data.doctorId ||\n        isAdmin()\n      );\n\n      allow update: if isSignedIn() && (\n        request.auth.uid == resource.data.doctorId ||\n        (request.auth.uid == resource.data.patientId &&\n          request.resource.data.doctorId == resource.data.doctorId &&\n          request.resource.data.patientId == resource.data.patientId &&\n          request.resource.data.patientIds == resource.data.patientIds) ||\n        isAdmin()\n      );\n\n      allow delete: if isSignedIn() && (\n        request.auth.uid == resource.data.doctorId ||\n        isAdmin()\n      );\n    }\n\n    match /conversations/{conversationId} {\n      allow read: if isSignedIn() && request.auth.uid in resource.data.participants;\n\n      allow create: if isSignedIn() &&\n        request.auth.uid in request.resource.data.participants;\n\n      allow update: if isSignedIn() &&\n        request.auth.uid in resource.data.participants &&\n        request.resource.data.participants.hasAll(resource.data.participants) &&\n        resource.data.participants.hasAll(request.resource.data.participants);\n\n      allow delete: if isAdmin();\n\n      match /messages/{messageId} {\n        allow read: if isConversationParticipant(conversationId);\n\n        allow create: if isConversationParticipant(conversationId) &&\n          request.auth.uid == request.resource.data.senderId &&\n          request.resource.data.receiverId in get(/databases/$(database)/documents/conversations/$(conversationId)).data.participants;\n\n        allow update: if isConversationParticipant(conversationId) &&\n          request.auth.uid == resource.data.receiverId;\n\n        allow delete: if isAdmin();\n      }\n    }\n\n    match /medical_records/{recordId} {\n      allow read, write: if isSignedIn();\n    }\n\n    match /symptom_forms/{formId} {\n      allow read, write: if isSignedIn();\n    }\n\n    match /pharmacies/{pharmacyId} {\n      allow read: if isSignedIn();\n      allow write: if isAdmin();\n    }\n\n    match /{document=**} {\n      allow read, write: if false;\n    }\n  }\n}\n","name":"firestore.rules"}]},"createTime":"2026-03-06T07:56:57.089983Z","metadata":{"services":["cloud.firestore"]}}
[debug] [2026-03-06T07:56:57.179Z] [rules] created ruleset projects/telemedicine-61cf2/rulesets/a968cbff-8f90-48f3-9ef7-7245ca0c0ccb
[debug] [2026-03-06T07:56:57.180Z] [rules] releasing cloud.firestore/(default) with ruleset projects/telemedicine-61cf2/rulesets/a968cbff-8f90-48f3-9ef7-7245ca0c0ccb
[debug] [2026-03-06T07:56:57.180Z] Checked if tokens are valid: true, expires at: 1772787410231
[debug] [2026-03-06T07:56:57.180Z] Checked if tokens are valid: true, expires at: 1772787410231
[debug] [2026-03-06T07:56:57.180Z] >>> [apiv2][query] PATCH https://firebaserules.googleapis.com/v1/projects/telemedicine-61cf2/releases/cloud.firestore/(default) [none]
[debug] [2026-03-06T07:56:57.180Z] >>> [apiv2][body] PATCH https://firebaserules.googleapis.com/v1/projects/telemedicine-61cf2/releases/cloud.firestore/(default) {"release":{"name":"projects/telemedicine-61cf2/releases/cloud.firestore/(default)","rulesetName":"projects/telemedicine-61cf2/rulesets/a968cbff-8f90-48f3-9ef7-7245ca0c0ccb"}}
[debug] [2026-03-06T07:56:57.502Z] <<< [apiv2][status] PATCH https://firebaserules.googleapis.com/v1/projects/telemedicine-61cf2/releases/cloud.firestore/(default) 200
[debug] [2026-03-06T07:56:57.502Z] <<< [apiv2][body] PATCH https://firebaserules.googleapis.com/v1/projects/telemedicine-61cf2/releases/cloud.firestore/(default) {"name":"projects/telemedicine-61cf2/releases/cloud.firestore","rulesetName":"projects/telemedicine-61cf2/rulesets/a968cbff-8f90-48f3-9ef7-7245ca0c0ccb","createTime":"2026-01-24T01:58:50.886034Z","updateTime":"2026-03-06T07:56:57.434838Z"}
[debug] [2026-03-06T07:56:57.502Z] [rules] updated release projects/telemedicine-61cf2/releases/cloud.firestore
[info] +  firestore: released rules firestore.rules to cloud.firestore 
[info] 
[info] +  Deploy complete! 
[info] 
[info] Project Console: https://console.firebase.google.com/project/telemedicine-61cf2/overview
